<?xml version="1.0" encoding="utf-8"?><testsuites name="pytest tests"><testsuite name="pytest" errors="0" failures="0" skipped="2" tests="58" time="2.037" timestamp="2026-04-03T20:38:54.804321-04:00" hostname="Haerin"><testcase classname="tests.e2e.test_location_transparency" name="test_consumer_workflow_with_local_backend" time="0.002" /><testcase classname="tests.e2e.test_location_transparency" name="test_consumer_workflow_with_service_adapter_backend" time="0.003" /><testcase classname="tests.e2e.test_location_transparency" name="test_consumer_workflow_against_live_service" time="0.001"><skipped type="pytest.skip" message="Set CHAT_E2E_LIVE=1 to run against a live service">C:\Users\yaseen\osclaude\repo\tests\e2e\test_location_transparency.py:250: Set CHAT_E2E_LIVE=1 to run against a live service</skipped></testcase><testcase classname="tests.e2e.test_telegram_e2e" name="test_telegram_wiring_e2e" time="0.001"><skipped type="pytest.skip" message="Set TELEGRAM_E2E_ENABLED=1 to run Telegram E2E test">C:\Users\yaseen\osclaude\repo\tests\e2e\test_telegram_e2e.py:18: Set TELEGRAM_E2E_ENABLED=1 to run Telegram E2E test</skipped></testcase><testcase classname="tests.integration.test_adapter_dependency_injection" name="test_importing_adapter_registers_service_backed_client" time="0.005" /><testcase classname="tests.integration.test_dependency_injection" name="test_importing_telegram_impl_injects_factories" time="0.005" /><testcase classname="components.chat_client_api.tests.test_client" name="test_client_send_message" time="0.002" /><testcase classname="components.chat_client_api.tests.test_client" name="test_client_get_messages" time="0.003" /><testcase classname="components.chat_client_api.tests.test_client" name="test_client_delete_message" time="0.002" /><testcase classname="components.chat_client_api.tests.test_client" name="test_client_get_channels" time="0.002" /><testcase classname="components.chat_client_api.tests.test_client" name="test_get_client_raises_not_implemented" time="0.001" /><testcase classname="components.chat_client_api.tests.test_client" name="test_get_client_interactive_raises_not_implemented" time="0.001" /><testcase classname="components.chat_client_api.tests.test_message" name="test_message_properties" time="0.002" /><testcase classname="components.chat_client_api.tests.test_message" name="test_channel_properties" time="0.001" /><testcase classname="components.chat_client_api.tests.test_message" name="test_get_message_raises_not_implemented" time="0.001" /><testcase classname="components.telegram_client_impl.tests.test_models" name="test_telegram_channel_contract" time="0.001" /><testcase classname="components.telegram_client_impl.tests.test_models" name="test_telegram_message_contract" time="0.001" /><testcase classname="components.telegram_client_impl.tests.test_models" name="test_telegram_client_contract_shape" time="0.001" /><testcase classname="components.telegram_client_impl.tests.test_scaffold_behavior" name="test_client_methods_delegate_to_telethon" time="0.004" /><testcase classname="components.telegram_client_impl.tests.test_scaffold_behavior" name="test_client_input_validation" time="0.001" /><testcase classname="components.telegram_client_impl.tests.test_scaffold_behavior" name="test_message_factory_validation_and_construction" time="0.002" /><testcase classname="components.telegram_client_impl.tests.test_scaffold_behavior" name="test_mapper_validation_and_errors" time="0.001" /><testcase classname="components.telegram_client_impl.tests.test_scaffold_behavior" name="test_mapper_positive_channel_and_message" time="0.001" /><testcase classname="components.telegram_client_impl.tests.test_scaffold_behavior" name="test_get_client_impl_uses_env" time="0.001" /><testcase classname="components.chat_client_service.tests.test_app" name="test_health_endpoint" time="0.020" /><testcase classname="components.chat_client_service.tests.test_app" name="test_auth_login_redirects_to_provider" time="0.007" /><testcase classname="components.chat_client_service.tests.test_app" name="test_auth_callback_rejects_invalid_state" time="0.007" /><testcase classname="components.chat_client_service.tests.test_app" name="test_auth_callback_rejects_missing_state" time="0.007" /><testcase classname="components.chat_client_service.tests.test_app" name="test_auth_callback_rejects_missing_telegram_params" time="0.011" /><testcase classname="components.chat_client_service.tests.test_app" name="test_auth_full_flow_returns_access_token" time="0.011" /><testcase classname="components.chat_client_service.tests.test_app" name="test_auth_state_is_single_use" time="0.017" /><testcase classname="components.chat_client_service.tests.test_app" name="test_auth_callback_rejects_invalid_hash" time="0.011" /><testcase classname="components.chat_client_service.tests.test_app" name="test_auth_me_requires_valid_token" time="0.006" /><testcase classname="components.chat_client_service.tests.test_app" name="test_auth_me_returns_session_data_with_valid_token" time="0.017" /><testcase classname="components.chat_client_service.tests.test_app" name="test_send_message_delegates_to_client" time="0.008" /><testcase classname="components.chat_client_service.tests.test_app" name="test_get_messages_delegates_to_client" time="0.007" /><testcase classname="components.chat_client_service.tests.test_app" name="test_delete_message_delegates_to_client" time="0.008" /><testcase classname="components.chat_client_service.tests.test_app" name="test_get_channels_delegates_to_client" time="0.008" /><testcase classname="components.chat_client_service.tests.test_app" name="test_send_message_returns_500_on_client_error" time="0.007" /><testcase classname="components.chat_client_service.tests.test_app" name="test_get_messages_returns_500_on_client_error" time="0.007" /><testcase classname="components.chat_client_service.tests.test_app" name="test_delete_message_returns_500_on_client_error" time="0.006" /><testcase classname="components.chat_client_service.tests.test_app" name="test_get_channels_returns_500_on_client_error" time="0.006" /><testcase classname="components.chat_client_service_api_client.tests.test_transport_client" name="test_generated_client_package_is_importable" time="0.001" /><testcase classname="components.chat_client_service_api_client.tests.test_transport_client" name="test_stable_wrapper_initializes_with_base_url" time="0.001" /><testcase classname="components.chat_client_service_api_client.tests.test_transport_client" name="test_stable_wrapper_holds_generated_client" time="0.001" /><testcase classname="components.chat_client_service_api_client.tests.test_transport_client" name="test_send_message_posts_json_and_returns_dto" time="0.002" /><testcase classname="components.chat_client_service_api_client.tests.test_transport_client" name="test_send_message_raises_type_error_on_validation_error" time="0.002" /><testcase classname="components.chat_client_service_api_client.tests.test_transport_client" name="test_get_messages_sends_query_params_and_returns_dtos" time="0.002" /><testcase classname="components.chat_client_service_api_client.tests.test_transport_client" name="test_get_messages_raises_type_error_on_validation_error" time="0.002" /><testcase classname="components.chat_client_service_api_client.tests.test_transport_client" name="test_get_channels_requests_expected_path_and_returns_dtos" time="0.001" /><testcase classname="components.chat_client_service_api_client.tests.test_transport_client" name="test_get_channels_raises_for_undocumented_status" time="0.002" /><testcase classname="components.chat_client_service_api_client.tests.test_transport_client" name="test_delete_message_sends_expected_request_and_returns_true" time="0.002" /><testcase classname="components.chat_client_service_api_client.tests.test_transport_client" name="test_delete_message_returns_false_when_service_reports_failure" time="0.001" /><testcase classname="components.chat_client_service_api_client.tests.test_transport_client" name="test_dto_models_are_dataclasses" time="0.001" /><testcase classname="components.chat_client_adapter.tests.test_adapter_client" name="test_send_message_delegates_to_service_client" time="0.001" /><testcase classname="components.chat_client_adapter.tests.test_adapter_client" name="test_get_messages_delegates_to_service_client" time="0.001" /><testcase classname="components.chat_client_adapter.tests.test_adapter_client" name="test_delete_message_delegates_to_service_client" time="0.001" /><testcase classname="components.chat_client_adapter.tests.test_adapter_client" name="test_get_channels_delegates_to_service_client" time="0.001" /></testsuite></testsuites>